This is pdfTeX, Version 3.14159265-2.6-1.40.19 (MiKTeX 2.9.6730 64-bit) (preloaded format=pdflatex 2018.8.15)  7 MAR 2021 17:21
entering extended mode
**./main-revRBvD1.tex
(main-revRBvD1.tex
LaTeX2e <2018-04-01> patch level 5
("C:\Program Files\MiKTeX 2.9\tex\latex\revtex\revtex4-2.cls"
Document Class: revtex4-2 2020/10/03 4.2e (https://journals.aps.org/revtex/ for
 documentation)
 Copyright (c) 2019 American Physical Society.
 mailto:revtex@aps.org
 Licensed under the LPPL:
http://www.ctan.org/tex-archive/macros/latex/base/lppl.txt
 Arthur Ogawa <arthur_ogawa at sbcglobal dot net>
 Based on work by David Carlisle <david at dcarlisle.demon.co.uk>
 Version (4.2d,4.2e): Modified by Mark Doyle and Phelype Oleinik
 .
ltxutil[2020/10/03 4.2e utilities package (portions licensed from W. E. Baxter 
web at superscript.com)]
LaTeX Info: Redefining \@centercr on input line 356.
Class revtex4-2 Info: Repairing broken LaTeX eqnarray on input line 406.
\eqncolsep=\skip41
Class revtex4-2 Info: Repairing hyperref-unfriendly LaTeX definition of \mpfoot
note on input line 481.
Class revtex4-2 Info: Repairing broken LateX \@sect on input line 803.
\intertabularlinepenalty=\count80
\@tbpen=\count81
\@arstrutbox@hline=\box26
Class revtex4-2 Info: Repairing broken LaTeX \@xbitor on input line 1834.
Class revtex4-2 Info: Making \typeout \long on input line 2099.
ltxfront[2020/10/03 4.2e frontmatter package (AO,DPC,MD)]
\c@affil=\count82
\c@collab=\count83
\absbox=\box27
ltxgrid[2020/10/03 4.2e page grid package (portions licensed from W. E. Baxter 
web at superscript.com)]
\c@linecount=\count84
\output@latex=\toks14
\box@size@1=\box28
\box@size@2=\box29
\@protection@box=\box30
\@topmark@saved=\toks15
\footins@saved=\box31
\footins@recovered=\box32
\column@recovered=\box33
\pagesofar=\box34
\footsofar=\box35
\pagegrid@col=\count85
Class revtex4-2 Info: Overriding \@vspace, \@vspacer, \@no@pgbk, \@newline, and
 \\  on input line 5665.
\c@part=\count86
\c@section=\count87
\c@subsection=\count88
\c@subsubsection=\count89
\c@paragraph=\count90
\c@subparagraph=\count91
\abovecaptionskip=\skip42
\belowcaptionskip=\skip43
\c@figure=\count92
\fbox@1=\box36
\c@table=\count93
\fbox@2=\box37
\c@video=\count94
\fbox@4=\box38
\@bibdataout=\write3
\widetext@top=\box39
\widetext@bot=\box40
Class revtex4-2 Info: Selecting society aps on input line 7658.
("C:\Program Files\MiKTeX 2.9\tex\latex\revtex\aps4-2.rtx"
File: aps4-2 2020/10/03 4.2e (https://journals.aps.org/revtex/ for documentatio
n)
Class revtex4-2 Info: RevTeX society APS selected on input line 40.
)
Class revtex4-2 Info: Selecting journal prb on input line 7660.
Class revtex4-2 Info: APS journal PRB selected on input line 7661.

("C:\Program Files\MiKTeX 2.9\tex\latex\revtex\aps10pt4-2.rtx"
File: aps10pt4-2 2020/10/03 4.2e (https://journals.aps.org/revtex/ for document
ation)
Class revtex4-2 Info: RevTeX pointsize 10pt selected on input line 39.
)
("C:\Program Files\MiKTeX 2.9\tex\latex\textcase\textcase.sty"
Package: textcase 2004/10/07 v0.07 Text only upper/lower case changing (DPC)
)
("C:\Program Files\MiKTeX 2.9\tex\latex\url\url.sty"
\Urlmuskip=\muskip10
Package: url 2013/09/16  ver 3.4  Verb mode for urls, etc.
)
("C:\Program Files\MiKTeX 2.9\tex\latex\natbib\natbib.sty"
Package: natbib 2010/09/13 8.31b (PWD, AO)
\bibhang=\skip44
\bibsep=\skip45
LaTeX Info: Redefining \cite on input line 694.
\c@NAT@ctr=\count95
)
Class revtex4-2 Info: Repairing natbib's \BibitemShut on input line 7665.

("C:\Program Files\MiKTeX 2.9\tex\latex\revtex\revsymb4-2.sty"
Package: revsymb4-2 2020/10/03 4.2e (https://journals.aps.org/revtex/ for docum
entation)
LaTeX Info: Redefining \REV@mathfrak on input line 128.
))
("C:\Program Files\MiKTeX 2.9\tex\latex\tools\bm.sty"
Package: bm 2017/01/16 v1.2c Bold Symbol Support (DPC/FMi)
\symboldoperators=\mathgroup4
\symboldletters=\mathgroup5
\symboldsymbols=\mathgroup6
LaTeX Font Info:    Redeclaring math alphabet \mathbf on input line 141.
LaTeX Info: Redefining \bm on input line 207.
)
("C:\Program Files\MiKTeX 2.9\tex\latex\graphics\graphicx.sty"
Package: graphicx 2017/06/01 v1.1a Enhanced LaTeX Graphics (DPC,SPQR)

("C:\Program Files\MiKTeX 2.9\tex\latex\graphics\keyval.sty"
Package: keyval 2014/10/28 v1.15 key=value parser (DPC)
\KV@toks@=\toks16
)
("C:\Program Files\MiKTeX 2.9\tex\latex\graphics\graphics.sty"
Package: graphics 2017/06/25 v1.2c Standard LaTeX Graphics (DPC,SPQR)

("C:\Program Files\MiKTeX 2.9\tex\latex\graphics\trig.sty"
Package: trig 2016/01/03 v1.10 sin cos tan (DPC)
)
("C:\Program Files\MiKTeX 2.9\tex\latex\graphics-cfg\graphics.cfg"
File: graphics.cfg 2016/06/04 v1.11 sample graphics configuration
)
Package graphics Info: Driver file: pdftex.def on input line 99.

("C:\Program Files\MiKTeX 2.9\tex\latex\graphics-def\pdftex.def"
File: pdftex.def 2018/01/08 v1.0l Graphics/color driver for pdftex
))
\Gin@req@height=\dimen102
\Gin@req@width=\dimen103
)
("C:\Program Files\MiKTeX 2.9\tex\latex\mhchem\mhchem.sty"
Package: mhchem 2018/06/22 v4.08 for typesetting chemical formulae

("C:\Program Files\MiKTeX 2.9\tex\latex\l3kernel\expl3.sty"
Package: expl3 2018-06-14 L3 programming layer (loader) 

("C:\Program Files\MiKTeX 2.9\tex\latex\l3kernel\expl3-code.tex"
Package: expl3 2018-06-14 L3 programming layer (code)
\c_max_int=\count96
\l_tmpa_int=\count97
\l_tmpb_int=\count98
\g_tmpa_int=\count99
\g_tmpb_int=\count100
\g__kernel_prg_map_int=\count101
\c_log_iow=\count102
\l_iow_line_count_int=\count103
\l__iow_line_target_int=\count104
\l__iow_one_indent_int=\count105
\l__iow_indent_int=\count106
\c_zero_dim=\dimen104
\c_max_dim=\dimen105
\l_tmpa_dim=\dimen106
\l_tmpb_dim=\dimen107
\g_tmpa_dim=\dimen108
\g_tmpb_dim=\dimen109
\c_zero_skip=\skip46
\c_max_skip=\skip47
\l_tmpa_skip=\skip48
\l_tmpb_skip=\skip49
\g_tmpa_skip=\skip50
\g_tmpb_skip=\skip51
\c_zero_muskip=\muskip11
\c_max_muskip=\muskip12
\l_tmpa_muskip=\muskip13
\l_tmpb_muskip=\muskip14
\g_tmpa_muskip=\muskip15
\g_tmpb_muskip=\muskip16
\l_keys_choice_int=\count107
\l__intarray_loop_int=\count108
\c__intarray_sp_dim=\dimen110
\g__intarray_font_int=\count109
\c__fp_leading_shift_int=\count110
\c__fp_middle_shift_int=\count111
\c__fp_trailing_shift_int=\count112
\c__fp_big_leading_shift_int=\count113
\c__fp_big_middle_shift_int=\count114
\c__fp_big_trailing_shift_int=\count115
\c__fp_Bigg_leading_shift_int=\count116
\c__fp_Bigg_middle_shift_int=\count117
\c__fp_Bigg_trailing_shift_int=\count118
\c__kernel_randint_max_int=\count119
\g__fp_array_int=\count120
\l__fp_array_loop_int=\count121
\l__sort_length_int=\count122
\l__sort_min_int=\count123
\l__sort_top_int=\count124
\l__sort_max_int=\count125
\l__sort_true_max_int=\count126
\l__sort_block_int=\count127
\l__sort_begin_int=\count128
\l__sort_end_int=\count129
\l__sort_A_int=\count130
\l__sort_B_int=\count131
\l__sort_C_int=\count132
\l__tl_analysis_normal_int=\count133
\l__tl_analysis_index_int=\count134
\l__tl_analysis_nesting_int=\count135
\l__tl_analysis_type_int=\count136
\l__regex_internal_a_int=\count137
\l__regex_internal_b_int=\count138
\l__regex_internal_c_int=\count139
\l__regex_balance_int=\count140
\l__regex_group_level_int=\count141
\l__regex_mode_int=\count142
\c__regex_cs_in_class_mode_int=\count143
\c__regex_cs_mode_int=\count144
\l__regex_catcodes_int=\count145
\l__regex_default_catcodes_int=\count146
\c__regex_catcode_D_int=\count147
\c__regex_catcode_S_int=\count148
\c__regex_catcode_L_int=\count149
\c__regex_catcode_O_int=\count150
\c__regex_catcode_A_int=\count151
\c__regex_all_catcodes_int=\count152
\l__regex_show_lines_int=\count153
\l__regex_min_state_int=\count154
\l__regex_max_state_int=\count155
\l__regex_left_state_int=\count156
\l__regex_right_state_int=\count157
\l__regex_capturing_group_int=\count158
\l__regex_min_pos_int=\count159
\l__regex_max_pos_int=\count160
\l__regex_curr_pos_int=\count161
\l__regex_start_pos_int=\count162
\l__regex_success_pos_int=\count163
\l__regex_curr_char_int=\count164
\l__regex_curr_catcode_int=\count165
\l__regex_last_char_int=\count166
\l__regex_case_changed_char_int=\count167
\l__regex_curr_state_int=\count168
\l__regex_step_int=\count169
\l__regex_min_active_int=\count170
\l__regex_max_active_int=\count171
\l__regex_replacement_csnames_int=\count172
\l__regex_match_count_int=\count173
\l__regex_min_submatch_int=\count174
\l__regex_submatch_int=\count175
\l__regex_zeroth_submatch_int=\count176
\g__regex_trace_regex_int=\count177
\c_empty_box=\box41
\l_tmpa_box=\box42
\l_tmpb_box=\box43
\g_tmpa_box=\box44
\g_tmpb_box=\box45
\l__box_top_dim=\dimen111
\l__box_bottom_dim=\dimen112
\l__box_left_dim=\dimen113
\l__box_right_dim=\dimen114
\l__box_top_new_dim=\dimen115
\l__box_bottom_new_dim=\dimen116
\l__box_left_new_dim=\dimen117
\l__box_right_new_dim=\dimen118
\l__box_internal_box=\box46
\l__coffin_internal_box=\box47
\l__coffin_internal_dim=\dimen119
\l__coffin_offset_x_dim=\dimen120
\l__coffin_offset_y_dim=\dimen121
\l__coffin_x_dim=\dimen122
\l__coffin_y_dim=\dimen123
\l__coffin_x_prime_dim=\dimen124
\l__coffin_y_prime_dim=\dimen125
\c_empty_coffin=\box48
\l__coffin_aligned_coffin=\box49
\l__coffin_aligned_internal_coffin=\box50
\l_tmpa_coffin=\box51
\l_tmpb_coffin=\box52
\l__coffin_display_coffin=\box53
\l__coffin_display_coord_coffin=\box54
\l__coffin_display_pole_coffin=\box55
\l__coffin_display_offset_dim=\dimen126
\l__coffin_display_x_dim=\dimen127
\l__coffin_display_y_dim=\dimen128
\g__file_internal_ior=\read1
\l__coffin_bounding_shift_dim=\dimen129
\l__coffin_left_corner_dim=\dimen130
\l__coffin_right_corner_dim=\dimen131
\l__coffin_bottom_corner_dim=\dimen132
\l__coffin_top_corner_dim=\dimen133
\l__coffin_scaled_total_height_dim=\dimen134
\l__coffin_scaled_width_dim=\dimen135
\l__seq_internal_a_int=\count178
\l__seq_internal_b_int=\count179
)
("C:\Program Files\MiKTeX 2.9\tex\latex\l3kernel\l3pdfmode.def"
File: l3pdfmode.def 2018-06-14 v L3 Experimental driver: PDF mode
\l__driver_color_stack_int=\count180
))
("C:\Program Files\MiKTeX 2.9\tex\latex\l3packages\l3keys2e\l3keys2e.sty"
Package: l3keys2e 2018-05-12 LaTeX2e option processing using LaTeX3 keys
)
("C:\Program Files\MiKTeX 2.9\tex\latex\tools\calc.sty"
Package: calc 2017/05/25 v4.3 Infix arithmetic (KKT,FJ)
\calc@Acount=\count181
\calc@Bcount=\count182
\calc@Adimen=\dimen136
\calc@Bdimen=\dimen137
\calc@Askip=\skip52
\calc@Bskip=\skip53
LaTeX Info: Redefining \setlength on input line 80.
LaTeX Info: Redefining \addtolength on input line 81.
\calc@Ccount=\count183
\calc@Cskip=\skip54
)
("C:\Program Files\MiKTeX 2.9\tex\latex\amsmath\amsmath.sty"
Package: amsmath 2017/09/02 v2.17a AMS math features
\@mathmargin=\skip55

For additional information on amsmath, use the `?' option.
("C:\Program Files\MiKTeX 2.9\tex\latex\amsmath\amstext.sty"
Package: amstext 2000/06/29 v2.01 AMS text

("C:\Program Files\MiKTeX 2.9\tex\latex\amsmath\amsgen.sty"
File: amsgen.sty 1999/11/30 v2.0 generic functions
\@emptytoks=\toks17
\ex@=\dimen138
)
LaTeX Info: Redefining \text on input line 28.
)
("C:\Program Files\MiKTeX 2.9\tex\latex\amsmath\amsbsy.sty"
Package: amsbsy 1999/11/29 v1.2d Bold Symbols
LaTeX Info: Redefining \boldsymbol on input line 28.
\pmbraise@=\dimen139
)
("C:\Program Files\MiKTeX 2.9\tex\latex\amsmath\amsopn.sty"
Package: amsopn 2016/03/08 v2.02 operator names
)
\inf@bad=\count184
LaTeX Info: Redefining \frac on input line 213.
\uproot@=\count185
\leftroot@=\count186
LaTeX Info: Redefining \overline on input line 375.
\classnum@=\count187
\DOTSCASE@=\count188
LaTeX Info: Redefining \ldots on input line 472.
LaTeX Info: Redefining \dots on input line 475.
LaTeX Info: Redefining \cdots on input line 596.
\Mathstrutbox@=\box56
\strutbox@=\box57
\big@size=\dimen140
LaTeX Font Info:    Redeclaring font encoding OML on input line 712.
LaTeX Font Info:    Redeclaring font encoding OMS on input line 713.
\macc@depth=\count189
\c@MaxMatrixCols=\count190
\dotsspace@=\muskip17
\c@parentequation=\count191
\dspbrk@lvl=\count192
\tag@help=\toks18
\row@=\count193
\column@=\count194
\maxfields@=\count195
\andhelp@=\toks19
\eqnshift@=\dimen141
\alignsep@=\dimen142
\tagshift@=\dimen143
\tagwidth@=\dimen144
\totwidth@=\dimen145
\lineht@=\dimen146
\@envbody=\toks20
\multlinegap=\skip56
\multlinetaggap=\skip57
\mathdisplay@stack=\toks21
LaTeX Info: Redefining \[ on input line 2817.
LaTeX Info: Redefining \] on input line 2818.
)
("C:\Program Files\MiKTeX 2.9\tex\latex\chemgreek\chemgreek.sty"
("C:\Program Files\MiKTeX 2.9\tex\latex\l3packages\xparse\xparse.sty"
Package: xparse 2018-05-12 L3 Experimental document command parser
\l__xparse_current_arg_int=\count196
\g__xparse_grabber_int=\count197
\l__xparse_m_args_int=\count198
\l__xparse_mandatory_args_int=\count199
\l__xparse_v_nesting_int=\count266
)
Package: chemgreek 2016/12/20 v1.1 interfaceforuprightgreeklettersforuseinchemi
stry (CN)
\l__chemgreek_tmpa_int=\count267
\g__chemgreek_tmpa_int=\count268
.................................................
. LaTeX info: "xparse/define-command"
. 
. Defining command \newchemgreekmapping with sig. 'O{}mm' on line 336.
.................................................
.................................................
. LaTeX info: "xparse/define-command"
. 
. Defining command \renewchemgreekmapping with sig. 'O{}mm' on line 339.
.................................................
.................................................
. LaTeX info: "xparse/define-command"
. 
. Defining command \declarechemgreekmapping with sig. 'O{}mm' on line 342.
.................................................
.................................................
. LaTeX info: "xparse/define-command"
. 
. Defining command \newchemgreekmappingalias with sig. 'mm' on line 347.
.................................................
.................................................
. LaTeX info: "xparse/define-command"
. 
. Defining command \renewchemgreekmappingalias with sig. 'mm' on line 350.
.................................................
.................................................
. LaTeX info: "xparse/define-command"
. 
. Defining command \declarechemgreekmappingalias with sig. 'mm' on line 353.
.................................................
.................................................
. LaTeX info: "xparse/define-command"
. 
. Defining command \changechemgreeksymbol with sig. 'mmmm' on line 383.
.................................................
.................................................
. LaTeX info: "xparse/define-command"
. 
. Defining command \chemgreekmappingsymbol with sig. 'mm' on line 477.
.................................................
.................................................
. LaTeX info: "xparse/define-command"
. 
. Defining command \activatechemgreekmapping with sig. 'sm' on line 486.
.................................................
.................................................
. LaTeX info: "xparse/define-command"
. 
. Defining command \selectchemgreekmapping with sig. 'm' on line 491.
.................................................
)
\l__mhchem_ce_distanceFromLastComma_int=\count269
\__mhchem_arrow_extPgfLength_skip=\skip58
\mhchem@minispace@tmp=\skip59
\mhchem@minibackspace@tmp=\skip60
\mhchem@bondwidth=\skip61
\mhchem@bondheight=\skip62
\mhchem@smallbondwidth@tmpA=\skip63
\mhchem@smallbondwidth@tmpB=\skip64
\mhchem@smallbondwidth=\skip65
\mhchem@bondtmp@minussidebearingleft=\skip66
\mhchem@bondtmp@minussidebearingright=\skip67
\l__mhchem_option_version_int=\count270
\mhchem@option@minusmathsidebearingleft=\dimen147
\mhchem@option@minusmathsidebearingright=\dimen148
\mhchem@option@minustextsidebearingleft=\dimen149
\mhchem@option@minustextsidebearingright=\dimen150
)
("C:\Program Files\MiKTeX 2.9\tex\latex\base\textcomp.sty"
Package: textcomp 2017/04/05 v2.0i Standard LaTeX package
Package textcomp Info: Sub-encoding information:
(textcomp)               5 = only ISO-Adobe without \textcurrency
(textcomp)               4 = 5 + \texteuro
(textcomp)               3 = 4 + \textohm
(textcomp)               2 = 3 + \textestimated + \textcurrency
(textcomp)               1 = TS1 - \textcircled - \t
(textcomp)               0 = TS1 (full)
(textcomp)             Font families with sub-encoding setting implement
(textcomp)             only a restricted character set as indicated.
(textcomp)             Family '?' is the default used for unknown fonts.
(textcomp)             See the documentation for details.
Package textcomp Info: Setting ? sub-encoding to TS1/1 on input line 79.

("C:\Program Files\MiKTeX 2.9\tex\latex\base\ts1enc.def"
File: ts1enc.def 2001/06/05 v3.0e (jk/car/fm) Standard LaTeX file
Now handling font encoding TS1 ...
... processing UTF-8 mapping file for font encoding TS1

("C:\Program Files\MiKTeX 2.9\tex\latex\base\ts1enc.dfu"
File: ts1enc.dfu 2018/04/05 v1.2c UTF-8 support for inputenc
   defining Unicode char U+00A2 (decimal 162)
   defining Unicode char U+00A3 (decimal 163)
   defining Unicode char U+00A4 (decimal 164)
   defining Unicode char U+00A5 (decimal 165)
   defining Unicode char U+00A6 (decimal 166)
   defining Unicode char U+00A7 (decimal 167)
   defining Unicode char U+00A8 (decimal 168)
   defining Unicode char U+00A9 (decimal 169)
   defining Unicode char U+00AA (decimal 170)
   defining Unicode char U+00AC (decimal 172)
   defining Unicode char U+00AE (decimal 174)
   defining Unicode char U+00AF (decimal 175)
   defining Unicode char U+00B0 (decimal 176)
   defining Unicode char U+00B1 (decimal 177)
   defining Unicode char U+00B2 (decimal 178)
   defining Unicode char U+00B3 (decimal 179)
   defining Unicode char U+00B4 (decimal 180)
   defining Unicode char U+00B5 (decimal 181)
   defining Unicode char U+00B6 (decimal 182)
   defining Unicode char U+00B7 (decimal 183)
   defining Unicode char U+00B9 (decimal 185)
   defining Unicode char U+00BA (decimal 186)
   defining Unicode char U+00BC (decimal 188)
   defining Unicode char U+00BD (decimal 189)
   defining Unicode char U+00BE (decimal 190)
   defining Unicode char U+00D7 (decimal 215)
   defining Unicode char U+00F7 (decimal 247)
   defining Unicode char U+0192 (decimal 402)
   defining Unicode char U+02C7 (decimal 711)
   defining Unicode char U+02D8 (decimal 728)
   defining Unicode char U+02DD (decimal 733)
   defining Unicode char U+0E3F (decimal 3647)
   defining Unicode char U+2016 (decimal 8214)
   defining Unicode char U+2020 (decimal 8224)
   defining Unicode char U+2021 (decimal 8225)
   defining Unicode char U+2022 (decimal 8226)
   defining Unicode char U+2030 (decimal 8240)
   defining Unicode char U+2031 (decimal 8241)
   defining Unicode char U+203B (decimal 8251)
   defining Unicode char U+203D (decimal 8253)
   defining Unicode char U+2044 (decimal 8260)
   defining Unicode char U+204E (decimal 8270)
   defining Unicode char U+2052 (decimal 8274)
   defining Unicode char U+20A1 (decimal 8353)
   defining Unicode char U+20A4 (decimal 8356)
   defining Unicode char U+20A6 (decimal 8358)
   defining Unicode char U+20A9 (decimal 8361)
   defining Unicode char U+20AB (decimal 8363)
   defining Unicode char U+20AC (decimal 8364)
   defining Unicode char U+20B1 (decimal 8369)
   defining Unicode char U+2103 (decimal 8451)
   defining Unicode char U+2116 (decimal 8470)
   defining Unicode char U+2117 (decimal 8471)
   defining Unicode char U+211E (decimal 8478)
   defining Unicode char U+2120 (decimal 8480)
   defining Unicode char U+2122 (decimal 8482)
   defining Unicode char U+2126 (decimal 8486)
   defining Unicode char U+2127 (decimal 8487)
   defining Unicode char U+212E (decimal 8494)
   defining Unicode char U+2190 (decimal 8592)
   defining Unicode char U+2191 (decimal 8593)
   defining Unicode char U+2192 (decimal 8594)
   defining Unicode char U+2193 (decimal 8595)
   defining Unicode char U+2329 (decimal 9001)
   defining Unicode char U+232A (decimal 9002)
   defining Unicode char U+2422 (decimal 9250)
   defining Unicode char U+25E6 (decimal 9702)
   defining Unicode char U+25EF (decimal 9711)
   defining Unicode char U+266A (decimal 9834)
   defining Unicode char U+FEFF (decimal 65279)
))
LaTeX Info: Redefining \oldstylenums on input line 334.
Package textcomp Info: Setting cmr sub-encoding to TS1/0 on input line 349.
Package textcomp Info: Setting cmss sub-encoding to TS1/0 on input line 350.
Package textcomp Info: Setting cmtt sub-encoding to TS1/0 on input line 351.
Package textcomp Info: Setting cmvtt sub-encoding to TS1/0 on input line 352.
Package textcomp Info: Setting cmbr sub-encoding to TS1/0 on input line 353.
Package textcomp Info: Setting cmtl sub-encoding to TS1/0 on input line 354.
Package textcomp Info: Setting ccr sub-encoding to TS1/0 on input line 355.
Package textcomp Info: Setting ptm sub-encoding to TS1/4 on input line 356.
Package textcomp Info: Setting pcr sub-encoding to TS1/4 on input line 357.
Package textcomp Info: Setting phv sub-encoding to TS1/4 on input line 358.
Package textcomp Info: Setting ppl sub-encoding to TS1/3 on input line 359.
Package textcomp Info: Setting pag sub-encoding to TS1/4 on input line 360.
Package textcomp Info: Setting pbk sub-encoding to TS1/4 on input line 361.
Package textcomp Info: Setting pnc sub-encoding to TS1/4 on input line 362.
Package textcomp Info: Setting pzc sub-encoding to TS1/4 on input line 363.
Package textcomp Info: Setting bch sub-encoding to TS1/4 on input line 364.
Package textcomp Info: Setting put sub-encoding to TS1/5 on input line 365.
Package textcomp Info: Setting uag sub-encoding to TS1/5 on input line 366.
Package textcomp Info: Setting ugq sub-encoding to TS1/5 on input line 367.
Package textcomp Info: Setting ul8 sub-encoding to TS1/4 on input line 368.
Package textcomp Info: Setting ul9 sub-encoding to TS1/4 on input line 369.
Package textcomp Info: Setting augie sub-encoding to TS1/5 on input line 370.
Package textcomp Info: Setting dayrom sub-encoding to TS1/3 on input line 371.
Package textcomp Info: Setting dayroms sub-encoding to TS1/3 on input line 372.

Package textcomp Info: Setting pxr sub-encoding to TS1/0 on input line 373.
Package textcomp Info: Setting pxss sub-encoding to TS1/0 on input line 374.
Package textcomp Info: Setting pxtt sub-encoding to TS1/0 on input line 375.
Package textcomp Info: Setting txr sub-encoding to TS1/0 on input line 376.
Package textcomp Info: Setting txss sub-encoding to TS1/0 on input line 377.
Package textcomp Info: Setting txtt sub-encoding to TS1/0 on input line 378.
Package textcomp Info: Setting lmr sub-encoding to TS1/0 on input line 379.
Package textcomp Info: Setting lmdh sub-encoding to TS1/0 on input line 380.
Package textcomp Info: Setting lmss sub-encoding to TS1/0 on input line 381.
Package textcomp Info: Setting lmssq sub-encoding to TS1/0 on input line 382.
Package textcomp Info: Setting lmvtt sub-encoding to TS1/0 on input line 383.
Package textcomp Info: Setting lmtt sub-encoding to TS1/0 on input line 384.
Package textcomp Info: Setting qhv sub-encoding to TS1/0 on input line 385.
Package textcomp Info: Setting qag sub-encoding to TS1/0 on input line 386.
Package textcomp Info: Setting qbk sub-encoding to TS1/0 on input line 387.
Package textcomp Info: Setting qcr sub-encoding to TS1/0 on input line 388.
Package textcomp Info: Setting qcs sub-encoding to TS1/0 on input line 389.
Package textcomp Info: Setting qpl sub-encoding to TS1/0 on input line 390.
Package textcomp Info: Setting qtm sub-encoding to TS1/0 on input line 391.
Package textcomp Info: Setting qzc sub-encoding to TS1/0 on input line 392.
Package textcomp Info: Setting qhvc sub-encoding to TS1/0 on input line 393.
Package textcomp Info: Setting futs sub-encoding to TS1/4 on input line 394.
Package textcomp Info: Setting futx sub-encoding to TS1/4 on input line 395.
Package textcomp Info: Setting futj sub-encoding to TS1/4 on input line 396.
Package textcomp Info: Setting hlh sub-encoding to TS1/3 on input line 397.
Package textcomp Info: Setting hls sub-encoding to TS1/3 on input line 398.
Package textcomp Info: Setting hlst sub-encoding to TS1/3 on input line 399.
Package textcomp Info: Setting hlct sub-encoding to TS1/5 on input line 400.
Package textcomp Info: Setting hlx sub-encoding to TS1/5 on input line 401.
Package textcomp Info: Setting hlce sub-encoding to TS1/5 on input line 402.
Package textcomp Info: Setting hlcn sub-encoding to TS1/5 on input line 403.
Package textcomp Info: Setting hlcw sub-encoding to TS1/5 on input line 404.
Package textcomp Info: Setting hlcf sub-encoding to TS1/5 on input line 405.
Package textcomp Info: Setting pplx sub-encoding to TS1/3 on input line 406.
Package textcomp Info: Setting pplj sub-encoding to TS1/3 on input line 407.
Package textcomp Info: Setting ptmx sub-encoding to TS1/4 on input line 408.
Package textcomp Info: Setting ptmj sub-encoding to TS1/4 on input line 409.
)
("C:\Program Files\MiKTeX 2.9\tex\latex\multirow\multirow.sty"
Package: multirow 2016/11/25 v2.2 Span multiple rows of a table
\multirow@colwidth=\skip68
\multirow@cntb=\count271
\multirow@dima=\skip69
\bigstrutjot=\dimen151
)
("C:\Program Files\MiKTeX 2.9\tex\latex\tools\hhline.sty"
Package: hhline 2014/10/28 v2.03 Table rule package (DPC)
)
("C:\Program Files\MiKTeX 2.9\tex\latex\subfig\subfig.sty"
Package: subfig 2005/06/28 ver: 1.3 subfig package

("C:\Program Files\MiKTeX 2.9\tex\latex\caption\caption3.sty"
Package: caption3 2018/05/27 v1.8a caption3 kernel (AR)
Package caption3 Info: TeX engine: e-TeX on input line 64.
\captionmargin=\dimen152
\captionmargin@=\dimen153
\captionwidth=\dimen154
\caption@tempdima=\dimen155
\caption@indent=\dimen156
\caption@parindent=\dimen157
\caption@hangindent=\dimen158
Package caption Info: Unknown document class (or package),
(caption)             standard defaults will be used.
)
\c@KVtest=\count272
\sf@farskip=\skip70
\sf@captopadj=\dimen159
\sf@capskip=\skip71
\sf@nearskip=\skip72
\c@subfigure=\count273
\c@subfigure@save=\count274
\c@lofdepth=\count275
\c@subtable=\count276
\c@subtable@save=\count277
\c@lotdepth=\count278
\sf@top=\skip73
\sf@bottom=\skip74
)
Class revtex4-2 Info: Patching LaTeX tabular. on input line 11.
Class revtex4-2 Info: Robustifying \LaTeX's \boldmath command on input line 11.

Class revtex4-2 Info: cite was not loaded (OK!) on input line 11.
Class revtex4-2 Info: mcite was not loaded (OK!) on input line 11.
Class revtex4-2 Info: multicol was not loaded (OK!) on input line 11.

(main-revRBvD1.aux)
\openout1 = `main-revRBvD1.aux'.

LaTeX Font Info:    Checking defaults for OML/cmm/m/it on input line 11.
LaTeX Font Info:    ... okay on input line 11.
LaTeX Font Info:    Checking defaults for T1/cmr/m/n on input line 11.
LaTeX Font Info:    ... okay on input line 11.
LaTeX Font Info:    Checking defaults for OT1/cmr/m/n on input line 11.
LaTeX Font Info:    ... okay on input line 11.
LaTeX Font Info:    Checking defaults for OMS/cmsy/m/n on input line 11.
LaTeX Font Info:    ... okay on input line 11.
LaTeX Font Info:    Checking defaults for OMX/cmex/m/n on input line 11.
LaTeX Font Info:    ... okay on input line 11.
LaTeX Font Info:    Checking defaults for U/cmr/m/n on input line 11.
LaTeX Font Info:    ... okay on input line 11.
LaTeX Font Info:    Checking defaults for TS1/cmr/m/n on input line 11.
LaTeX Font Info:    Try loading font information for TS1+cmr on input line 11.
 ("C:\Program Files\MiKTeX 2.9\tex\latex\base\ts1cmr.fd"
File: ts1cmr.fd 2014/09/29 v2.5h Standard LaTeX font definitions
)
LaTeX Font Info:    ... okay on input line 11.

("C:\Program Files\MiKTeX 2.9\tex\context\base\supp-pdf.mkii"
[Loading MPS to PDF converter (version 2006.09.02).]
\scratchcounter=\count279
\scratchdimen=\dimen160
\scratchbox=\box58
\nofMPsegments=\count280
\nofMParguments=\count281
\everyMPshowfont=\toks22
\MPscratchCnt=\count282
\MPscratchDim=\dimen161
\MPnumerator=\count283
\makeMPintoPDFobject=\count284
\everyMPtoPDFconversion=\toks23
) ("C:\Program Files\MiKTeX 2.9\tex\latex\oberdiek\epstopdf-base.sty"
Package: epstopdf-base 2016/05/15 v2.6 Base part for package epstopdf

("C:\Program Files\MiKTeX 2.9\tex\generic\oberdiek\infwarerr.sty"
Package: infwarerr 2016/05/16 v1.4 Providing info/warning/error messages (HO)
)
("C:\Program Files\MiKTeX 2.9\tex\latex\oberdiek\grfext.sty"
Package: grfext 2016/05/16 v1.2 Manage graphics extensions (HO)

("C:\Program Files\MiKTeX 2.9\tex\generic\oberdiek\kvdefinekeys.sty"
Package: kvdefinekeys 2016/05/16 v1.4 Define keys (HO)

("C:\Program Files\MiKTeX 2.9\tex\generic\oberdiek\ltxcmds.sty"
Package: ltxcmds 2016/05/16 v1.23 LaTeX kernel commands for general use (HO)
)))
("C:\Program Files\MiKTeX 2.9\tex\latex\oberdiek\kvoptions.sty"
Package: kvoptions 2016/05/16 v3.12 Key value format for package options (HO)

("C:\Program Files\MiKTeX 2.9\tex\generic\oberdiek\kvsetkeys.sty"
Package: kvsetkeys 2016/05/16 v1.17 Key value parser (HO)

("C:\Program Files\MiKTeX 2.9\tex\generic\oberdiek\etexcmds.sty"
Package: etexcmds 2016/05/16 v1.6 Avoid name clashes with e-TeX commands (HO)

("C:\Program Files\MiKTeX 2.9\tex\generic\oberdiek\ifluatex.sty"
Package: ifluatex 2016/05/16 v1.4 Provides the ifluatex switch (HO)
Package ifluatex Info: LuaTeX not detected.
)
Package etexcmds Info: Could not find \expanded.
(etexcmds)             That can mean that you are not using pdfTeX 1.50 or
(etexcmds)             that some package has redefined \expanded.
(etexcmds)             In the latter case, load this package earlier.
)))
("C:\Program Files\MiKTeX 2.9\tex\generic\oberdiek\pdftexcmds.sty"
Package: pdftexcmds 2018/01/30 v0.27 Utility functions of pdfTeX for LuaTeX (HO
)

("C:\Program Files\MiKTeX 2.9\tex\generic\oberdiek\ifpdf.sty"
Package: ifpdf 2017/03/15 v3.2 Provides the ifpdf switch
)
Package pdftexcmds Info: LuaTeX not detected.
Package pdftexcmds Info: \pdf@primitive is available.
Package pdftexcmds Info: \pdf@ifprimitive is available.
Package pdftexcmds Info: \pdfdraftmode found.
)
Package epstopdf-base Info: Redefining graphics rule for `.eps' on input line 4
38.
Package grfext Info: Graphics extension search list:
(grfext)             [.pdf,.png,.jpg,.mps,.jpeg,.jbig2,.jb2,.PDF,.PNG,.JPG,.JPE
G,.JBIG2,.JB2,.eps]
(grfext)             \AppendGraphicsExtensions on input line 456.
)
.................................................
. chemgreek info: "mapping-activated"
. 
. Activating mapping `default' on line 11.
.................................................
Package caption Info: Begin \AtBeginDocument code.
Package caption Info: subfig package v1.3 is loaded.
Package caption Info: End \AtBeginDocument code.
\openout3 = `main-revRBvD1Notes.bib'.


Underfull \hbox (badness 1082) in paragraph at lines 55--56
\OT1/cmr/m/n/10 amorphous by x-ray ab-sorp-tion spec-troscopy (XAS)
 []

[1{C:/Users/rbvd/AppData/Local/MiKTeX/2.9/pdftex/config/pdftex.map}]
<windowedwafercolors.png, id=19, 429.605pt x 429.605pt>
File: windowedwafercolors.png Graphic file (type png)
<use windowedwafercolors.png>
Package pdftex.def Info: windowedwafercolors.png  used on input line 69.
(pdftex.def)             Requested size: 203.99689pt x 203.99893pt.

Underfull \hbox (badness 3229) in paragraph at lines 74--78
[]\OT1/cmr/m/n/10 Binary $[][][][][][]$ and Ta$[]$Ge$[]$O$[]$ com-po-si-tion
 []


Underfull \hbox (badness 1496) in paragraph at lines 74--78
\OT1/cmr/m/n/10 us-ing re-ac-tive ra-dio fre-quency (rf) sput-ter-ing from
 []


Underfull \hbox (badness 4403) in paragraph at lines 74--78
\OT1/cmr/m/n/10 two-inch-diameter metal tar-gets in the 90\TS1/cmr/m/n/10 °\OT1
/cmr/m/n/10 off-axis
 []


Underfull \hbox (badness 1394) in paragraph at lines 74--78
\OT1/cmr/m/n/10 configuration[[]]. 12x12 ar-rays were used for the
 []

[2 <./windowedwafercolors.png (PNG copy)>] [3]
Package epstopdf Info: Source file: <quench.eps>
(epstopdf)                    date: 2018-05-11 17:13:30
(epstopdf)                    size: 182845 bytes
(epstopdf)             Output file: <quench-eps-converted-to.pdf>
(epstopdf)                    date: 2018-07-13 04:35:16
(epstopdf)                    size: 8449 bytes
(epstopdf)             Command: <epstopdf --outfile=quench-eps-converted-to.pdf
 quench.eps>
(epstopdf)             \includegraphics on input line 119.
Package epstopdf Info: Output file is already uptodate.
<quench-eps-converted-to.pdf, id=32, 415.5525pt x 278.03876pt>
File: quench-eps-converted-to.pdf Graphic file (type pdf)
<use quench-eps-converted-to.pdf>
Package pdftex.def Info: quench-eps-converted-to.pdf  used on input line 119.
(pdftex.def)             Requested size: 203.99689pt x 136.49048pt.
<12F74-diff_640.png, id=33, 642.4pt x 642.4pt>
File: 12F74-diff_640.png Graphic file (type png)
<use 12F74-diff_640.png>
Package pdftex.def Info: 12F74-diff_640.png  used on input line 132.
(pdftex.def)             Requested size: 153.00156pt x 153.00288pt.
Package epstopdf Info: Source file: <ivq.eps>
(epstopdf)                    date: 2018-05-14 23:57:48
(epstopdf)                    size: 116396 bytes
(epstopdf)             Output file: <ivq-eps-converted-to.pdf>
(epstopdf)                    date: 2018-07-13 04:35:18
(epstopdf)                    size: 184286 bytes
(epstopdf)             Command: <epstopdf --outfile=ivq-eps-converted-to.pdf iv
q.eps>
(epstopdf)             \includegraphics on input line 135.
Package epstopdf Info: Output file is already uptodate.
<ivq-eps-converted-to.pdf, id=34, 243.91125pt x 177.66376pt>
File: ivq-eps-converted-to.pdf Graphic file (type pdf)
<use ivq-eps-converted-to.pdf>
Package pdftex.def Info: ivq-eps-converted-to.pdf  used on input line 135.
(pdftex.def)             Requested size: 229.49844pt x 167.1666pt.
 [4 <./quench-eps-converted-to.pdf> <./12F74-diff_640.png (PNG copy)> <./ivq-ep
s-converted-to.pdf>]
Package epstopdf Info: Source file: <grfq.eps>
(epstopdf)                    date: 2018-05-14 23:57:56
(epstopdf)                    size: 83965 bytes
(epstopdf)             Output file: <grfq-eps-converted-to.pdf>
(epstopdf)                    date: 2018-07-13 04:35:18
(epstopdf)                    size: 36011 bytes
(epstopdf)             Command: <epstopdf --outfile=grfq-eps-converted-to.pdf g
rfq.eps>
(epstopdf)             \includegraphics on input line 153.
Package epstopdf Info: Output file is already uptodate.
<grfq-eps-converted-to.pdf, id=81, 243.91125pt x 177.66376pt>
File: grfq-eps-converted-to.pdf Graphic file (type pdf)
<use grfq-eps-converted-to.pdf>
Package pdftex.def Info: grfq-eps-converted-to.pdf  used on input line 153.
(pdftex.def)             Requested size: 221.3985pt x 161.26762pt.
Package epstopdf Info: Source file: <waterfall.eps>
(epstopdf)                    date: 2020-12-02 01:45:00
(epstopdf)                    size: 259638 bytes
(epstopdf)             Output file: <waterfall-eps-converted-to.pdf>
(epstopdf)                    date: 2020-12-02 01:45:56
(epstopdf)                    size: 34691 bytes
(epstopdf)             Command: <epstopdf --outfile=waterfall-eps-converted-to.
pdf waterfall.eps>
(epstopdf)             \includegraphics on input line 160.
Package epstopdf Info: Output file is already uptodate.
<waterfall-eps-converted-to.pdf, id=82, 624.3325pt x 618.31pt>
File: waterfall-eps-converted-to.pdf Graphic file (type pdf)
<use waterfall-eps-converted-to.pdf>
Package pdftex.def Info: waterfall-eps-converted-to.pdf  used on input line 160
.
(pdftex.def)             Requested size: 203.99689pt x 202.02391pt.
Package epstopdf Info: Source file: <contour.eps>
(epstopdf)                    date: 2020-12-02 01:44:58
(epstopdf)                    size: 426808 bytes
(epstopdf)             Output file: <contour-eps-converted-to.pdf>
(epstopdf)                    date: 2020-12-02 01:45:36
(epstopdf)                    size: 35038 bytes
(epstopdf)             Command: <epstopdf --outfile=contour-eps-converted-to.pd
f contour.eps>
(epstopdf)             \includegraphics on input line 162.
Package epstopdf Info: Output file is already uptodate.
<contour-eps-converted-to.pdf, id=83, 600.2425pt x 448.67625pt>
File: contour-eps-converted-to.pdf Graphic file (type pdf)
<use contour-eps-converted-to.pdf>
Package pdftex.def Info: contour-eps-converted-to.pdf  used on input line 162.
(pdftex.def)             Requested size: 221.3985pt x 165.49414pt.
Package epstopdf Info: Source file: <xas_mu.eps>
(epstopdf)                    date: 2018-05-14 23:53:36
(epstopdf)                    size: 71612 bytes
(epstopdf)             Output file: <xas_mu-eps-converted-to.pdf>
(epstopdf)                    date: 2018-07-13 04:35:20
(epstopdf)                    size: 21837 bytes
(epstopdf)             Command: <epstopdf --outfile=xas_mu-eps-converted-to.pdf
 xas_mu.eps>
(epstopdf)             \includegraphics on input line 171.
Package epstopdf Info: Output file is already uptodate.
<xas_mu-eps-converted-to.pdf, id=84, 243.91125pt x 177.66376pt>
File: xas_mu-eps-converted-to.pdf Graphic file (type pdf)
<use xas_mu-eps-converted-to.pdf>
Package pdftex.def Info: xas_mu-eps-converted-to.pdf  used on input line 171.
(pdftex.def)             Requested size: 255.0pt x 185.74187pt.
Package epstopdf Info: Source file: <exafs_chik.eps>
(epstopdf)                    date: 2018-05-14 23:53:50
(epstopdf)                    size: 96106 bytes
(epstopdf)             Output file: <exafs_chik-eps-converted-to.pdf>
(epstopdf)                    date: 2018-07-13 04:35:20
(epstopdf)                    size: 30027 bytes
(epstopdf)             Command: <epstopdf --outfile=exafs_chik-eps-converted-to
.pdf exafs_chik.eps>
(epstopdf)             \includegraphics on input line 173.
Package epstopdf Info: Output file is already uptodate.
<exafs_chik-eps-converted-to.pdf, id=85, 243.91125pt x 177.66376pt>
File: exafs_chik-eps-converted-to.pdf Graphic file (type pdf)
<use exafs_chik-eps-converted-to.pdf>
Package pdftex.def Info: exafs_chik-eps-converted-to.pdf  used on input line 17
3.
(pdftex.def)             Requested size: 255.0pt x 185.74187pt.
Package epstopdf Info: Source file: <exafs_chir.eps>
(epstopdf)                    date: 2018-05-14 23:53:58
(epstopdf)                    size: 78754 bytes
(epstopdf)             Output file: <exafs_chir-eps-converted-to.pdf>
(epstopdf)                    date: 2018-07-13 04:35:22
(epstopdf)                    size: 25864 bytes
(epstopdf)             Command: <epstopdf --outfile=exafs_chir-eps-converted-to
.pdf exafs_chir.eps>
(epstopdf)             \includegraphics on input line 175.
Package epstopdf Info: Output file is already uptodate.
<exafs_chir-eps-converted-to.pdf, id=86, 243.91125pt x 177.66376pt>
File: exafs_chir-eps-converted-to.pdf Graphic file (type pdf)
<use exafs_chir-eps-converted-to.pdf>
Package pdftex.def Info: exafs_chir-eps-converted-to.pdf  used on input line 17
5.
(pdftex.def)             Requested size: 255.0pt x 185.74187pt.
 [5 <./grfq-eps-converted-to.pdf> <./waterfall-eps-converted-to.pdf> <./contour
-eps-converted-to.pdf>] [6 <./xas_mu-eps-converted-to.pdf> <./exafs_chik-eps-co
nverted-to.pdf> <./exafs_chir-eps-converted-to.pdf>]
Underfull \hbox (badness 10000) in paragraph at lines 222--222
[]\OT1/cmr/m/n/9 TABLE I. EX-AFS fit pa-ram-e-ters for Ta$[]$O$[]$ and
 []


Underfull \hbox (badness 4353) in paragraph at lines 222--222
\OT1/cmr/m/n/9 Ta$[]$Ge$[]$O$[]$ amor-phous thin films on sil-i-con ni-
 []

Package epstopdf Info: Source file: <exafs_ta2o5.eps>
(epstopdf)                    date: 2018-05-15 13:51:12
(epstopdf)                    size: 71416 bytes
(epstopdf)             Output file: <exafs_ta2o5-eps-converted-to.pdf>
(epstopdf)                    date: 2018-07-13 04:35:22
(epstopdf)                    size: 27957 bytes
(epstopdf)             Command: <epstopdf --outfile=exafs_ta2o5-eps-converted-t
o.pdf exafs_ta2o5.eps>
(epstopdf)             \includegraphics on input line 228.
Package epstopdf Info: Output file is already uptodate.
<exafs_ta2o5-eps-converted-to.pdf, id=272, 243.91125pt x 177.66376pt>
File: exafs_ta2o5-eps-converted-to.pdf Graphic file (type pdf)
<use exafs_ta2o5-eps-converted-to.pdf>
Package pdftex.def Info: exafs_ta2o5-eps-converted-to.pdf  used on input line 2
28.
(pdftex.def)             Requested size: 203.99689pt x 148.59132pt.
Package epstopdf Info: Source file: <exafs_ta15.eps>
(epstopdf)                    date: 2018-05-14 23:54:22
(epstopdf)                    size: 72671 bytes
(epstopdf)             Output file: <exafs_ta15-eps-converted-to.pdf>
(epstopdf)                    date: 2018-07-13 04:35:22
(epstopdf)                    size: 28955 bytes
(epstopdf)             Command: <epstopdf --outfile=exafs_ta15-eps-converted-to
.pdf exafs_ta15.eps>
(epstopdf)             \includegraphics on input line 230.
Package epstopdf Info: Output file is already uptodate.
<exafs_ta15-eps-converted-to.pdf, id=273, 243.91125pt x 177.66376pt>
File: exafs_ta15-eps-converted-to.pdf Graphic file (type pdf)
<use exafs_ta15-eps-converted-to.pdf>
Package pdftex.def Info: exafs_ta15-eps-converted-to.pdf  used on input line 23
0.
(pdftex.def)             Requested size: 203.99689pt x 148.59132pt.
Package epstopdf Info: Source file: <exafs_ta12.eps>
(epstopdf)                    date: 2018-05-14 23:54:32
(epstopdf)                    size: 73580 bytes
(epstopdf)             Output file: <exafs_ta12-eps-converted-to.pdf>
(epstopdf)                    date: 2018-07-13 04:35:22
(epstopdf)                    size: 28985 bytes
(epstopdf)             Command: <epstopdf --outfile=exafs_ta12-eps-converted-to
.pdf exafs_ta12.eps>
(epstopdf)             \includegraphics on input line 232.
Package epstopdf Info: Output file is already uptodate.
<exafs_ta12-eps-converted-to.pdf, id=274, 243.91125pt x 177.66376pt>
File: exafs_ta12-eps-converted-to.pdf Graphic file (type pdf)
<use exafs_ta12-eps-converted-to.pdf>
Package pdftex.def Info: exafs_ta12-eps-converted-to.pdf  used on input line 23
2.
(pdftex.def)             Requested size: 203.99689pt x 148.59132pt.
Package epstopdf Info: Source file: <exafs_ta8.eps>
(epstopdf)                    date: 2018-05-14 23:54:08
(epstopdf)                    size: 73038 bytes
(epstopdf)             Output file: <exafs_ta8-eps-converted-to.pdf>
(epstopdf)                    date: 2018-07-13 04:35:24
(epstopdf)                    size: 28905 bytes
(epstopdf)             Command: <epstopdf --outfile=exafs_ta8-eps-converted-to.
pdf exafs_ta8.eps>
(epstopdf)             \includegraphics on input line 234.
Package epstopdf Info: Output file is already uptodate.
<exafs_ta8-eps-converted-to.pdf, id=275, 243.91125pt x 177.66376pt>
File: exafs_ta8-eps-converted-to.pdf Graphic file (type pdf)
<use exafs_ta8-eps-converted-to.pdf>
Package pdftex.def Info: exafs_ta8-eps-converted-to.pdf  used on input line 234
.
(pdftex.def)             Requested size: 203.99689pt x 148.59132pt.
Package epstopdf Info: Source file: <ta-o.eps>
(epstopdf)                    date: 2020-12-03 22:53:52
(epstopdf)                    size: 77338 bytes
(epstopdf)             Output file: <ta-o-eps-converted-to.pdf>
(epstopdf)                    date: 2020-12-04 01:48:48
(epstopdf)                    size: 17502 bytes
(epstopdf)             Command: <epstopdf --outfile=ta-o-eps-converted-to.pdf t
a-o.eps>
(epstopdf)             \includegraphics on input line 250.
Package epstopdf Info: Output file is already uptodate.
<ta-o-eps-converted-to.pdf, id=276, 794.97pt x 578.16pt>
File: ta-o-eps-converted-to.pdf Graphic file (type pdf)
<use ta-o-eps-converted-to.pdf>
Package pdftex.def Info: ta-o-eps-converted-to.pdf  used on input line 250.
(pdftex.def)             Requested size: 203.99689pt x 148.35956pt.
Package epstopdf Info: Source file: <ta-ta.eps>
(epstopdf)                    date: 2020-12-03 22:53:22
(epstopdf)                    size: 96753 bytes
(epstopdf)             Output file: <ta-ta-eps-converted-to.pdf>
(epstopdf)                    date: 2020-12-04 01:48:50
(epstopdf)                    size: 19568 bytes
(epstopdf)             Command: <epstopdf --outfile=ta-ta-eps-converted-to.pdf 
ta-ta.eps>
(epstopdf)             \includegraphics on input line 252.
Package epstopdf Info: Output file is already uptodate.
<ta-ta-eps-converted-to.pdf, id=277, 794.97pt x 578.16pt>
File: ta-ta-eps-converted-to.pdf Graphic file (type pdf)
<use ta-ta-eps-converted-to.pdf>
Package pdftex.def Info: ta-ta-eps-converted-to.pdf  used on input line 252.
(pdftex.def)             Requested size: 203.99689pt x 148.35956pt.
Package epstopdf Info: Source file: <N.eps>
(epstopdf)                    date: 2020-12-03 22:54:16
(epstopdf)                    size: 84570 bytes
(epstopdf)             Output file: <N-eps-converted-to.pdf>
(epstopdf)                    date: 2020-12-04 01:56:18
(epstopdf)                    size: 18039 bytes
(epstopdf)             Command: <epstopdf --outfile=N-eps-converted-to.pdf N.ep
s>
(epstopdf)             \includegraphics on input line 254.
Package epstopdf Info: Output file is already uptodate.
<N-eps-converted-to.pdf, id=278, 794.97pt x 578.16pt>
File: N-eps-converted-to.pdf Graphic file (type pdf)
<use N-eps-converted-to.pdf>
Package pdftex.def Info: N-eps-converted-to.pdf  used on input line 254.
(pdftex.def)             Requested size: 203.99689pt x 148.35956pt.
Package epstopdf Info: Source file: <oo_distance.eps>
(epstopdf)                    date: 2020-12-03 22:52:52
(epstopdf)                    size: 78228 bytes
(epstopdf)             Output file: <oo_distance-eps-converted-to.pdf>
(epstopdf)                    date: 2020-12-04 01:55:26
(epstopdf)                    size: 19121 bytes
(epstopdf)             Command: <epstopdf --outfile=oo_distance-eps-converted-t
o.pdf oo_distance.eps>
(epstopdf)             \includegraphics on input line 256.
Package epstopdf Info: Output file is already uptodate.
<oo_distance-eps-converted-to.pdf, id=279, 794.97pt x 578.16pt>
File: oo_distance-eps-converted-to.pdf Graphic file (type pdf)
<use oo_distance-eps-converted-to.pdf>
Package pdftex.def Info: oo_distance-eps-converted-to.pdf  used on input line 2
56.
(pdftex.def)             Requested size: 203.99689pt x 148.35956pt.

Underfull \hbox (badness 2027) in paragraph at lines 271--272
\OT1/cmr/m/n/10 ci-date trends from pre-vi-ous stud-ies on amor-phous
 []

[7] [8 <./exafs_ta2o5-eps-converted-to.pdf> <./exafs_ta15-eps-converted-to.pdf>
 <./exafs_ta12-eps-converted-to.pdf> <./exafs_ta8-eps-converted-to.pdf>]
(main-revRBvD1.bbl [9 <./ta-o-eps-converted-to.pdf> <./ta-ta-eps-converted-to.p
df> <./N-eps-converted-to.pdf> <./oo_distance-eps-converted-to.pdf>]
Underfull \hbox (badness 10000) in paragraph at lines 80--86
 []\OT1/cmr/m/n/9 T. A. Naoi and R. B. van Dover, Jour-
 []


Underfull \hbox (badness 10000) in paragraph at lines 80--86
 \OT1/cmr/m/n/9 nal of Ap-plied Physics \OT1/cmr/bx/n/9 123\OT1/cmr/m/n/9 , 244
103 (2018),
 []


Underfull \hbox (badness 2600) in paragraph at lines 413--420
 []\OT1/cmr/m/n/9 S. H. Lee, J. Kim, S. J. Kim, S. Kim,  and
 []

) [10] (main-revRBvD1.aux) ) 
Here is how much of TeX's memory you used:
 15727 strings out of 492973
 282092 string characters out of 3135935
 374805 words of memory out of 3000000
 19463 multiletter control sequences out of 15000+200000
 544812 words of font info for 66 fonts, out of 3000000 for 9000
 1141 hyphenation exceptions out of 8191
 41i,14n,63p,2086b,425s stack positions out of 5000i,500n,10000p,200000b,50000s
 <C:\Users\rbvd\AppData\Local\MiKTeX\2.9\fonts\pk\l
jfour\jknappen\ec\dpi600\tcrm1000.pk><C:/Program Files/MiKTeX 2.9/fonts/type1/p
ublic/amsfonts/cm/cmbx10.pfb><C:/Program Files/MiKTeX 2.9/fonts/type1/public/am
sfonts/cm/cmbx12.pfb><C:/Program Files/MiKTeX 2.9/fonts/type1/public/amsfonts/c
m/cmbx9.pfb><C:/Program Files/MiKTeX 2.9/fonts/type1/public/amsfonts/cm/cmex10.
pfb><C:/Program Files/MiKTeX 2.9/fonts/type1/public/amsfonts/cm/cmmi10.pfb><C:/
Program Files/MiKTeX 2.9/fonts/type1/public/amsfonts/cm/cmmi12.pfb><C:/Program 
Files/MiKTeX 2.9/fonts/type1/public/amsfonts/cm/cmmi5.pfb><C:/Program Files/MiK
TeX 2.9/fonts/type1/public/amsfonts/cm/cmmi6.pfb><C:/Program Files/MiKTeX 2.9/f
onts/type1/public/amsfonts/cm/cmmi7.pfb><C:/Program Files/MiKTeX 2.9/fonts/type
1/public/amsfonts/cm/cmmi9.pfb><C:/Program Files/MiKTeX 2.9/fonts/type1/public/
amsfonts/cm/cmr10.pfb><C:/Program Files/MiKTeX 2.9/fonts/type1/public/amsfonts/
cm/cmr12.pfb><C:/Program Files/MiKTeX 2.9/fonts/type1/public/amsfonts/cm/cmr17.
pfb><C:/Program Files/MiKTeX 2.9/fonts/type1/public/amsfonts/cm/cmr5.pfb><C:/Pr
ogram Files/MiKTeX 2.9/fonts/type1/public/amsfonts/cm/cmr6.pfb><C:/Program File
s/MiKTeX 2.9/fonts/type1/public/amsfonts/cm/cmr7.pfb><C:/Program Files/MiKTeX 2
.9/fonts/type1/public/amsfonts/cm/cmr8.pfb><C:/Program Files/MiKTeX 2.9/fonts/t
ype1/public/amsfonts/cm/cmr9.pfb><C:/Program Files/MiKTeX 2.9/fonts/type1/publi
c/amsfonts/cm/cmss10.pfb><C:/Program Files/MiKTeX 2.9/fonts/type1/public/amsfon
ts/cm/cmss17.pfb><C:/Program Files/MiKTeX 2.9/fonts/type1/public/amsfonts/cm/cm
ssbx10.pfb><C:/Program Files/MiKTeX 2.9/fonts/type1/public/amsfonts/cm/cmsy10.p
fb><C:/Program Files/MiKTeX 2.9/fonts/type1/public/amsfonts/cm/cmsy6.pfb><C:/Pr
ogram Files/MiKTeX 2.9/fonts/type1/public/amsfonts/cm/cmsy7.pfb><C:/Program Fil
es/MiKTeX 2.9/fonts/type1/public/amsfonts/cm/cmsy9.pfb><C:/Program Files/MiKTeX
 2.9/fonts/type1/public/amsfonts/cm/cmti10.pfb><C:/Program Files/MiKTeX 2.9/fon
ts/type1/public/amsfonts/cm/cmti9.pfb>
Output written on main-revRBvD1.pdf (10 pages, 1264068 bytes).
PDF statistics:
 761 PDF objects out of 1000 (max. 8388607)
 0 named destinations out of 1000 (max. 500000)
 91 words of extra memory for PDF output out of 10000 (max. 10000000)

