This is pdfTeX, Version 3.14159265-2.6-1.40.21 (TeX Live 2020) (preloaded format=pdflatex 2021.3.11)  12 MAR 2021 16:27
entering extended mode
 restricted \write18 enabled.
 %&-line parsing enabled.
**main-revRBvD2.tex
(./main-revRBvD2.tex
LaTeX2e <2020-10-01> patch level 4
L3 programming layer <2021-02-18>
(/usr/local/texlive/2020/texmf-dist/tex/latex/revtex/revtex4-2.cls
Document Class: revtex4-2 2020/10/03 4.2e (https://journals.aps.org/revtex/ for
 documentation)
 Copyright (c) 2019 American Physical Society.
 mailto:revtex@aps.org
 Licensed under the LPPL:
http://www.ctan.org/tex-archive/macros/latex/base/lppl.txt
 Arthur Ogawa <arthur_ogawa at sbcglobal dot net>
 Based on work by David Carlisle <david at dcarlisle.demon.co.uk>
 Version (4.2d,4.2e): Modified by Mark Doyle and Phelype Oleinik
 .
ltxutil[2020/10/03 4.2e utilities package (portions licensed from W. E. Baxter 
web at superscript.com)]
LaTeX Info: Redefining \@centercr on input line 356.
Class revtex4-2 Info: Repairing broken LaTeX eqnarray on input line 406.
\eqncolsep=\skip47
Class revtex4-2 Info: Repairing hyperref-unfriendly LaTeX definition of \mpfoot
note on input line 481.
Class revtex4-2 Info: Repairing broken LateX \@sect on input line 803.
\intertabularlinepenalty=\count179
\@tbpen=\count180
\@arstrutbox@hline=\box47
Class revtex4-2 Info: Repairing broken LaTeX \@xbitor on input line 1834.
Class revtex4-2 Info: Making \typeout \long on input line 2099.
ltxfront[2020/10/03 4.2e frontmatter package (AO,DPC,MD)]
\c@affil=\count181
\c@collab=\count182
\absbox=\box48
ltxgrid[2020/10/03 4.2e page grid package (portions licensed from W. E. Baxter 
web at superscript.com)]
\c@linecount=\count183
\output@latex=\toks15
\box@size@1=\box49
\box@size@2=\box50
\@protection@box=\box51
\@topmark@saved=\toks16
\footins@saved=\box52
\footins@recovered=\box53
\column@recovered=\box54
\pagesofar=\box55
\footsofar=\box56
\pagegrid@col=\count184
Class revtex4-2 Info: Overriding \@vspace, \@vspacer, \@no@pgbk, \@newline, and
 \\  on input line 5665.
\c@part=\count185
\c@section=\count186
\c@subsection=\count187
\c@subsubsection=\count188
\c@paragraph=\count189
\c@subparagraph=\count190
\abovecaptionskip=\skip48
\belowcaptionskip=\skip49
\c@figure=\count191
\fbox@1=\box57
\c@table=\count192
\fbox@2=\box58
\c@video=\count193
\fbox@4=\box59
\@bibdataout=\write3
\widetext@top=\box60
\widetext@bot=\box61
Class revtex4-2 Info: Selecting society aps on input line 7658.
(/usr/local/texlive/2020/texmf-dist/tex/latex/revtex/aps4-2.rtx
File: aps4-2 2020/10/03 4.2e (https://journals.aps.org/revtex/ for documentatio
n)
Class revtex4-2 Info: RevTeX society APS selected on input line 40.
)
Class revtex4-2 Info: Selecting journal prb on input line 7660.
Class revtex4-2 Info: APS journal PRB selected on input line 7661.

(/usr/local/texlive/2020/texmf-dist/tex/latex/revtex/aps10pt4-2.rtx
File: aps10pt4-2 2020/10/03 4.2e (https://journals.aps.org/revtex/ for document
ation)
Class revtex4-2 Info: RevTeX pointsize 10pt selected on input line 39.
)
(/usr/local/texlive/2020/texmf-dist/tex/latex/textcase/textcase.sty
Package: textcase 2019/09/14 v1.00 Text only upper/lower case changing (DPC)
)
(/usr/local/texlive/2020/texmf-dist/tex/latex/url/url.sty
\Urlmuskip=\muskip16
Package: url 2013/09/16  ver 3.4  Verb mode for urls, etc.
)
(/usr/local/texlive/2020/texmf-dist/tex/latex/natbib/natbib.sty
Package: natbib 2010/09/13 8.31b (PWD, AO)
\bibhang=\skip50
\bibsep=\skip51
LaTeX Info: Redefining \cite on input line 694.
\c@NAT@ctr=\count194
)
Class revtex4-2 Info: Repairing natbib's \BibitemShut on input line 7665.

(/usr/local/texlive/2020/texmf-dist/tex/latex/revtex/revsymb4-2.sty
Package: revsymb4-2 2020/10/03 4.2e (https://journals.aps.org/revtex/ for docum
entation)
LaTeX Info: Redefining \REV@mathfrak on input line 128.
))
(/usr/local/texlive/2020/texmf-dist/tex/latex/tools/bm.sty
Package: bm 2019/07/24 v1.2d Bold Symbol Support (DPC/FMi)
\symboldoperators=\mathgroup4
\symboldletters=\mathgroup5
\symboldsymbols=\mathgroup6
LaTeX Font Info:    Redeclaring math alphabet \mathbf on input line 141.
LaTeX Info: Redefining \bm on input line 209.
)
(/usr/local/texlive/2020/texmf-dist/tex/latex/graphics/graphicx.sty
Package: graphicx 2020/09/09 v1.2b Enhanced LaTeX Graphics (DPC,SPQR)

(/usr/local/texlive/2020/texmf-dist/tex/latex/graphics/keyval.sty
Package: keyval 2014/10/28 v1.15 key=value parser (DPC)
\KV@toks@=\toks17
)
(/usr/local/texlive/2020/texmf-dist/tex/latex/graphics/graphics.sty
Package: graphics 2020/08/30 v1.4c Standard LaTeX Graphics (DPC,SPQR)

(/usr/local/texlive/2020/texmf-dist/tex/latex/graphics/trig.sty
Package: trig 2016/01/03 v1.10 sin cos tan (DPC)
)
(/usr/local/texlive/2020/texmf-dist/tex/latex/graphics-cfg/graphics.cfg
File: graphics.cfg 2016/06/04 v1.11 sample graphics configuration
)
Package graphics Info: Driver file: pdftex.def on input line 105.

(/usr/local/texlive/2020/texmf-dist/tex/latex/graphics-def/pdftex.def
File: pdftex.def 2020/10/05 v1.2a Graphics/color driver for pdftex
))
\Gin@req@height=\dimen138
\Gin@req@width=\dimen139
)
(/usr/local/texlive/2020/texmf-dist/tex/latex/mhchem/mhchem.sty
Package: mhchem 2018/06/22 v4.08 for typesetting chemical formulae

(/usr/local/texlive/2020/texmf-dist/tex/latex/l3kernel/expl3.sty
Package: expl3 2021-02-18 L3 programming layer (loader) 

(/usr/local/texlive/2020/texmf-dist/tex/latex/l3backend/l3backend-pdftex.def
File: l3backend-pdftex.def 2021-03-02 L3 backend support: PDF output (pdfTeX)
\l__color_backend_stack_int=\count195
\l__pdf_internal_box=\box62
))
(/usr/local/texlive/2020/texmf-dist/tex/latex/l3packages/l3keys2e/l3keys2e.sty
Package: l3keys2e 2021-02-02 LaTeX2e option processing using LaTeX3 keys
) (/usr/local/texlive/2020/texmf-dist/tex/latex/tools/calc.sty
Package: calc 2017/05/25 v4.3 Infix arithmetic (KKT,FJ)
\calc@Acount=\count196
\calc@Bcount=\count197
\calc@Adimen=\dimen140
\calc@Bdimen=\dimen141
\calc@Askip=\skip52
\calc@Bskip=\skip53
LaTeX Info: Redefining \setlength on input line 80.
LaTeX Info: Redefining \addtolength on input line 81.
\calc@Ccount=\count198
\calc@Cskip=\skip54
)
(/usr/local/texlive/2020/texmf-dist/tex/latex/amsmath/amsmath.sty
Package: amsmath 2020/09/23 v2.17i AMS math features
\@mathmargin=\skip55

For additional information on amsmath, use the `?' option.
(/usr/local/texlive/2020/texmf-dist/tex/latex/amsmath/amstext.sty
Package: amstext 2000/06/29 v2.01 AMS text

(/usr/local/texlive/2020/texmf-dist/tex/latex/amsmath/amsgen.sty
File: amsgen.sty 1999/11/30 v2.0 generic functions
\@emptytoks=\toks18
\ex@=\dimen142
)
LaTeX Info: Redefining \text on input line 28.
)
(/usr/local/texlive/2020/texmf-dist/tex/latex/amsmath/amsbsy.sty
Package: amsbsy 1999/11/29 v1.2d Bold Symbols
LaTeX Info: Redefining \boldsymbol on input line 28.
\pmbraise@=\dimen143
)
(/usr/local/texlive/2020/texmf-dist/tex/latex/amsmath/amsopn.sty
Package: amsopn 2016/03/08 v2.02 operator names
)
\inf@bad=\count199
LaTeX Info: Redefining \frac on input line 234.
\uproot@=\count266
\leftroot@=\count267
LaTeX Info: Redefining \overline on input line 399.
\classnum@=\count268
\DOTSCASE@=\count269
LaTeX Info: Redefining \ldots on input line 496.
LaTeX Info: Redefining \dots on input line 499.
LaTeX Info: Redefining \cdots on input line 620.
\Mathstrutbox@=\box63
\strutbox@=\box64
\big@size=\dimen144
LaTeX Font Info:    Redeclaring font encoding OML on input line 743.
LaTeX Font Info:    Redeclaring font encoding OMS on input line 744.
\macc@depth=\count270
\c@MaxMatrixCols=\count271
\dotsspace@=\muskip17
\c@parentequation=\count272
\dspbrk@lvl=\count273
\tag@help=\toks19
\row@=\count274
\column@=\count275
\maxfields@=\count276
\andhelp@=\toks20
\eqnshift@=\dimen145
\alignsep@=\dimen146
\tagshift@=\dimen147
\tagwidth@=\dimen148
\totwidth@=\dimen149
\lineht@=\dimen150
\@envbody=\toks21
\multlinegap=\skip56
\multlinetaggap=\skip57
\mathdisplay@stack=\toks22
LaTeX Info: Redefining \[ on input line 2923.
LaTeX Info: Redefining \] on input line 2924.
)
(/usr/local/texlive/2020/texmf-dist/tex/latex/chemgreek/chemgreek.sty
(/usr/local/texlive/2020/texmf-dist/tex/latex/l3packages/xparse/xparse.sty
(/usr/local/texlive/2020/texmf-dist/tex/latex/l3packages/xparse/xparse-2020-10-
01.sty
(/usr/local/texlive/2020/texmf-dist/tex/latex/l3packages/xparse/xparse-generic.
tex)))
Package: chemgreek 2020/01/16 v1.1a interface for upright Greek letters for use
 in chemistry (CN)
\l__chemgreek_tmpa_int=\count277
\g__chemgreek_tmpa_int=\count278
)
\l__mhchem_ce_distanceFromLastComma_int=\count279
\__mhchem_arrow_extPgfLength_skip=\skip58
\mhchem@minispace@tmp=\skip59
\mhchem@minibackspace@tmp=\skip60
\mhchem@bondwidth=\skip61
\mhchem@bondheight=\skip62
\mhchem@smallbondwidth@tmpA=\skip63
\mhchem@smallbondwidth@tmpB=\skip64
\mhchem@smallbondwidth=\skip65
\mhchem@bondtmp@minussidebearingleft=\skip66
\mhchem@bondtmp@minussidebearingright=\skip67
\l__mhchem_option_version_int=\count280
\mhchem@option@minusmathsidebearingleft=\dimen151
\mhchem@option@minusmathsidebearingright=\dimen152
\mhchem@option@minustextsidebearingleft=\dimen153
\mhchem@option@minustextsidebearingright=\dimen154
) (/usr/local/texlive/2020/texmf-dist/tex/latex/base/textcomp.sty
Package: textcomp 2020/02/02 v2.0n Standard LaTeX package
)
(/usr/local/texlive/2020/texmf-dist/tex/latex/multirow/multirow.sty
Package: multirow 2021/01/29 v2.7 Span multiple rows of a table
\multirow@colwidth=\skip68
\multirow@cntb=\count281
\multirow@dima=\skip69
\bigstrutjot=\dimen155
)
(/usr/local/texlive/2020/texmf-dist/tex/latex/tools/hhline.sty
Package: hhline 2020/01/04 v2.04 Table rule package (DPC)
)
(/usr/local/texlive/2020/texmf-dist/tex/latex/subfig/subfig.sty
Package: subfig 2005/06/28 ver: 1.3 subfig package

(/usr/local/texlive/2020/texmf-dist/tex/latex/caption/caption3.sty
Package: caption3 2020/10/21 v2.2e caption3 kernel (AR)
\captionmargin=\dimen156
\captionmargin@=\dimen157
\captionwidth=\dimen158
\caption@tempdima=\dimen159
\caption@indent=\dimen160
\caption@parindent=\dimen161
\caption@hangindent=\dimen162
Package caption Info: Unknown document class (or package),
(caption)             standard defaults will be used.
Package caption Info: \@makecaption = \long macro:#1#2->\par \vskip \abovecapti
onskip \begingroup \small \rmfamily \sbox \@tempboxa {\let \\\heading@cr \@make
@capt@title {#1}{#2}}\@ifdim {\wd \@tempboxa >\hsize }{\begingroup \samepage \f
lushing \let \footnote \@footnotemark@gobble \@make@capt@title {#1}{#2}\par \en
dgroup }{\global \@minipagefalse \hb@xt@ \hsize {\hfil \unhbox \@tempboxa \hfil
 }}\endgroup \vskip \belowcaptionskip  on input line 1139.
)
\c@KVtest=\count282
\sf@farskip=\skip70
\sf@captopadj=\dimen163
\sf@capskip=\skip71
\sf@nearskip=\skip72
\c@subfigure=\count283
\c@subfigure@save=\count284
\c@lofdepth=\count285
\c@subtable=\count286
\c@subtable@save=\count287
\c@lotdepth=\count288
\sf@top=\skip73
\sf@bottom=\skip74
)
Class revtex4-2 Info: Unrecognized LaTeX tabular. Please update this document c
lass! (Proceeding with fingers crossed.) on input line 11.
Class revtex4-2 Info: cite was not loaded (OK!) on input line 11.
Class revtex4-2 Info: mcite was not loaded (OK!) on input line 11.
Class revtex4-2 Info: multicol was not loaded (OK!) on input line 11.

(./main-revRBvD2.aux)
\openout1 = `main-revRBvD2.aux'.

LaTeX Font Info:    Checking defaults for OML/cmm/m/it on input line 11.
LaTeX Font Info:    ... okay on input line 11.
LaTeX Font Info:    Checking defaults for OMS/cmsy/m/n on input line 11.
LaTeX Font Info:    ... okay on input line 11.
LaTeX Font Info:    Checking defaults for OT1/cmr/m/n on input line 11.
LaTeX Font Info:    ... okay on input line 11.
LaTeX Font Info:    Checking defaults for T1/cmr/m/n on input line 11.
LaTeX Font Info:    ... okay on input line 11.
LaTeX Font Info:    Checking defaults for TS1/cmr/m/n on input line 11.
LaTeX Font Info:    ... okay on input line 11.
LaTeX Font Info:    Checking defaults for OMX/cmex/m/n on input line 11.
LaTeX Font Info:    ... okay on input line 11.
LaTeX Font Info:    Checking defaults for U/cmr/m/n on input line 11.
LaTeX Font Info:    ... okay on input line 11.

(/usr/local/texlive/2020/texmf-dist/tex/context/base/mkii/supp-pdf.mkii
[Loading MPS to PDF converter (version 2006.09.02).]
\scratchcounter=\count289
\scratchdimen=\dimen164
\scratchbox=\box65
\nofMPsegments=\count290
\nofMParguments=\count291
\everyMPshowfont=\toks23
\MPscratchCnt=\count292
\MPscratchDim=\dimen165
\MPnumerator=\count293
\makeMPintoPDFobject=\count294
\everyMPtoPDFconversion=\toks24
) (/usr/local/texlive/2020/texmf-dist/tex/latex/epstopdf-pkg/epstopdf-base.sty
Package: epstopdf-base 2020-01-24 v2.11 Base part for package epstopdf
Package epstopdf-base Info: Redefining graphics rule for `.eps' on input line 4
85.

(/usr/local/texlive/2020/texmf-dist/tex/latex/latexconfig/epstopdf-sys.cfg
File: epstopdf-sys.cfg 2010/07/13 v1.3 Configuration of (r)epstopdf for TeX Liv
e
))

Package chemgreek Info: Activating mapping `default' on line 11.

Package caption Info: Begin \AtBeginDocument code.
Package caption Info: subfig package v1.3 is loaded.
Package caption Info: End \AtBeginDocument code.
\openout3 = `main-revRBvD2Notes.bib'.


Underfull \hbox (badness 1082) in paragraph at lines 53--54
\OT1/cmr/m/n/10 amorphous by x-ray ab-sorp-tion spec-troscopy (XAS)
 []

[1{/usr/local/texlive/2020/texmf-var/fonts/map/pdftex/updmap/pdftex.map}]
<windowedwafercolors.png, id=20, 429.605pt x 429.605pt>
File: windowedwafercolors.png Graphic file (type png)
<use windowedwafercolors.png>
Package pdftex.def Info: windowedwafercolors.png  used on input line 67.
(pdftex.def)             Requested size: 203.99689pt x 203.99893pt.

Underfull \hbox (badness 3229) in paragraph at lines 72--77
[]\OT1/cmr/m/n/10 Binary $[][][][][][]$ and Ta$[]$Ge$[]$O$[]$ com-po-si-tion
 []


Underfull \hbox (badness 1496) in paragraph at lines 72--77
\OT1/cmr/m/n/10 us-ing re-ac-tive ra-dio fre-quency (rf) sput-ter-ing from
 []


Underfull \hbox (badness 4403) in paragraph at lines 72--77
\OT1/cmr/m/n/10 two-inch-diameter metal tar-gets in the 90\TS1/cmr/m/n/10 °\OT1
/cmr/m/n/10 off-axis
 []


Underfull \hbox (badness 1394) in paragraph at lines 72--77
\OT1/cmr/m/n/10 configuration[[]]. 12x12 ar-rays were used for the
 []

[2 <./windowedwafercolors.png (PNG copy)>] [3]
Package epstopdf Info: Source file: <quench.eps>
(epstopdf)                    date: 2018-05-11 16:13:30
(epstopdf)                    size: 182845 bytes
(epstopdf)             Output file: <quench-eps-converted-to.pdf>
(epstopdf)                    date: 2018-07-13 03:35:16
(epstopdf)                    size: 8449 bytes
(epstopdf)             Command: <repstopdf --outfile=quench-eps-converted-to.pd
f quench.eps>
(epstopdf)             \includegraphics on input line 118.
Package epstopdf Info: Output file is already uptodate.
<quench-eps-converted-to.pdf, id=33, 415.5525pt x 278.03876pt>
File: quench-eps-converted-to.pdf Graphic file (type pdf)
<use quench-eps-converted-to.pdf>
Package pdftex.def Info: quench-eps-converted-to.pdf  used on input line 118.
(pdftex.def)             Requested size: 203.99689pt x 136.49048pt.
<12F74-diff_640.png, id=34, 642.4pt x 642.4pt>
File: 12F74-diff_640.png Graphic file (type png)
<use 12F74-diff_640.png>
Package pdftex.def Info: 12F74-diff_640.png  used on input line 131.
(pdftex.def)             Requested size: 153.00156pt x 153.00288pt.
Package epstopdf Info: Source file: <ivq.eps>
(epstopdf)                    date: 2018-05-14 22:57:48
(epstopdf)                    size: 116396 bytes
(epstopdf)             Output file: <ivq-eps-converted-to.pdf>
(epstopdf)                    date: 2018-07-13 03:35:18
(epstopdf)                    size: 184286 bytes
(epstopdf)             Command: <repstopdf --outfile=ivq-eps-converted-to.pdf i
vq.eps>
(epstopdf)             \includegraphics on input line 134.
Package epstopdf Info: Output file is already uptodate.
<ivq-eps-converted-to.pdf, id=35, 243.91125pt x 177.66376pt>
File: ivq-eps-converted-to.pdf Graphic file (type pdf)
<use ivq-eps-converted-to.pdf>
Package pdftex.def Info: ivq-eps-converted-to.pdf  used on input line 134.
(pdftex.def)             Requested size: 229.49844pt x 167.1666pt.
 [4 <./quench-eps-converted-to.pdf> <./12F74-diff_640.png (PNG copy)> <./ivq-ep
s-converted-to.pdf>]
Package epstopdf Info: Source file: <grfq.eps>
(epstopdf)                    date: 2018-05-14 22:57:56
(epstopdf)                    size: 83965 bytes
(epstopdf)             Output file: <grfq-eps-converted-to.pdf>
(epstopdf)                    date: 2018-07-13 03:35:18
(epstopdf)                    size: 36011 bytes
(epstopdf)             Command: <repstopdf --outfile=grfq-eps-converted-to.pdf 
grfq.eps>
(epstopdf)             \includegraphics on input line 152.
Package epstopdf Info: Output file is already uptodate.
<grfq-eps-converted-to.pdf, id=82, 243.91125pt x 177.66376pt>
File: grfq-eps-converted-to.pdf Graphic file (type pdf)
<use grfq-eps-converted-to.pdf>
Package pdftex.def Info: grfq-eps-converted-to.pdf  used on input line 152.
(pdftex.def)             Requested size: 221.3985pt x 161.26762pt.
Package epstopdf Info: Source file: <waterfall.eps>
(epstopdf)                    date: 2020-12-02 01:45:00
(epstopdf)                    size: 259638 bytes
(epstopdf)             Output file: <waterfall-eps-converted-to.pdf>
(epstopdf)                    date: 2020-12-02 01:45:56
(epstopdf)                    size: 34691 bytes
(epstopdf)             Command: <repstopdf --outfile=waterfall-eps-converted-to
.pdf waterfall.eps>
(epstopdf)             \includegraphics on input line 159.
Package epstopdf Info: Output file is already uptodate.
<waterfall-eps-converted-to.pdf, id=83, 624.3325pt x 618.31pt>
File: waterfall-eps-converted-to.pdf Graphic file (type pdf)
<use waterfall-eps-converted-to.pdf>
Package pdftex.def Info: waterfall-eps-converted-to.pdf  used on input line 159
.
(pdftex.def)             Requested size: 203.99689pt x 202.02391pt.
Package epstopdf Info: Source file: <contour.eps>
(epstopdf)                    date: 2020-12-02 01:44:58
(epstopdf)                    size: 426808 bytes
(epstopdf)             Output file: <contour-eps-converted-to.pdf>
(epstopdf)                    date: 2020-12-02 01:45:36
(epstopdf)                    size: 35038 bytes
(epstopdf)             Command: <repstopdf --outfile=contour-eps-converted-to.p
df contour.eps>
(epstopdf)             \includegraphics on input line 161.
Package epstopdf Info: Output file is already uptodate.
<contour-eps-converted-to.pdf, id=84, 600.2425pt x 448.67625pt>
File: contour-eps-converted-to.pdf Graphic file (type pdf)
<use contour-eps-converted-to.pdf>
Package pdftex.def Info: contour-eps-converted-to.pdf  used on input line 161.
(pdftex.def)             Requested size: 221.3985pt x 165.49414pt.
Package epstopdf Info: Source file: <xas_mu.eps>
(epstopdf)                    date: 2018-05-14 22:53:36
(epstopdf)                    size: 71612 bytes
(epstopdf)             Output file: <xas_mu-eps-converted-to.pdf>
(epstopdf)                    date: 2018-07-13 03:35:20
(epstopdf)                    size: 21837 bytes
(epstopdf)             Command: <repstopdf --outfile=xas_mu-eps-converted-to.pd
f xas_mu.eps>
(epstopdf)             \includegraphics on input line 170.
Package epstopdf Info: Output file is already uptodate.
<xas_mu-eps-converted-to.pdf, id=85, 243.91125pt x 177.66376pt>
File: xas_mu-eps-converted-to.pdf Graphic file (type pdf)
<use xas_mu-eps-converted-to.pdf>
Package pdftex.def Info: xas_mu-eps-converted-to.pdf  used on input line 170.
(pdftex.def)             Requested size: 255.0pt x 185.74187pt.
Package epstopdf Info: Source file: <exafs_chik.eps>
(epstopdf)                    date: 2018-05-14 22:53:50
(epstopdf)                    size: 96106 bytes
(epstopdf)             Output file: <exafs_chik-eps-converted-to.pdf>
(epstopdf)                    date: 2018-07-13 03:35:20
(epstopdf)                    size: 30027 bytes
(epstopdf)             Command: <repstopdf --outfile=exafs_chik-eps-converted-t
o.pdf exafs_chik.eps>
(epstopdf)             \includegraphics on input line 172.
Package epstopdf Info: Output file is already uptodate.
<exafs_chik-eps-converted-to.pdf, id=86, 243.91125pt x 177.66376pt>
File: exafs_chik-eps-converted-to.pdf Graphic file (type pdf)
<use exafs_chik-eps-converted-to.pdf>
Package pdftex.def Info: exafs_chik-eps-converted-to.pdf  used on input line 17
2.
(pdftex.def)             Requested size: 255.0pt x 185.74187pt.
Package epstopdf Info: Source file: <exafs_chir.eps>
(epstopdf)                    date: 2018-05-14 22:53:58
(epstopdf)                    size: 78754 bytes
(epstopdf)             Output file: <exafs_chir-eps-converted-to.pdf>
(epstopdf)                    date: 2018-07-13 03:35:22
(epstopdf)                    size: 25864 bytes
(epstopdf)             Command: <repstopdf --outfile=exafs_chir-eps-converted-t
o.pdf exafs_chir.eps>
(epstopdf)             \includegraphics on input line 174.
Package epstopdf Info: Output file is already uptodate.
<exafs_chir-eps-converted-to.pdf, id=87, 243.91125pt x 177.66376pt>
File: exafs_chir-eps-converted-to.pdf Graphic file (type pdf)
<use exafs_chir-eps-converted-to.pdf>
Package pdftex.def Info: exafs_chir-eps-converted-to.pdf  used on input line 17
4.
(pdftex.def)             Requested size: 255.0pt x 185.74187pt.
 [5 <./grfq-eps-converted-to.pdf> <./waterfall-eps-converted-to.pdf> <./contour
-eps-converted-to.pdf>] [6 <./xas_mu-eps-converted-to.pdf> <./exafs_chik-eps-co
nverted-to.pdf> <./exafs_chir-eps-converted-to.pdf>]
Underfull \hbox (badness 10000) in paragraph at lines 221--221
[]\OT1/cmr/m/n/9 TABLE I. EX-AFS fit pa-ram-e-ters for Ta$[]$O$[]$ and
 []


Underfull \hbox (badness 4353) in paragraph at lines 221--221
\OT1/cmr/m/n/9 Ta$[]$Ge$[]$O$[]$ amor-phous thin films on sil-i-con ni-
 []

Package epstopdf Info: Source file: <exafs_ta2o5.eps>
(epstopdf)                    date: 2018-05-15 12:51:12
(epstopdf)                    size: 71416 bytes
(epstopdf)             Output file: <exafs_ta2o5-eps-converted-to.pdf>
(epstopdf)                    date: 2018-07-13 03:35:22
(epstopdf)                    size: 27957 bytes
(epstopdf)             Command: <repstopdf --outfile=exafs_ta2o5-eps-converted-
to.pdf exafs_ta2o5.eps>
(epstopdf)             \includegraphics on input line 227.
Package epstopdf Info: Output file is already uptodate.
<exafs_ta2o5-eps-converted-to.pdf, id=274, 243.91125pt x 177.66376pt>
File: exafs_ta2o5-eps-converted-to.pdf Graphic file (type pdf)
<use exafs_ta2o5-eps-converted-to.pdf>
Package pdftex.def Info: exafs_ta2o5-eps-converted-to.pdf  used on input line 2
27.
(pdftex.def)             Requested size: 203.99689pt x 148.59132pt.
Package epstopdf Info: Source file: <exafs_ta15.eps>
(epstopdf)                    date: 2018-05-14 22:54:22
(epstopdf)                    size: 72671 bytes
(epstopdf)             Output file: <exafs_ta15-eps-converted-to.pdf>
(epstopdf)                    date: 2018-07-13 03:35:22
(epstopdf)                    size: 28955 bytes
(epstopdf)             Command: <repstopdf --outfile=exafs_ta15-eps-converted-t
o.pdf exafs_ta15.eps>
(epstopdf)             \includegraphics on input line 229.
Package epstopdf Info: Output file is already uptodate.
<exafs_ta15-eps-converted-to.pdf, id=275, 243.91125pt x 177.66376pt>
File: exafs_ta15-eps-converted-to.pdf Graphic file (type pdf)
<use exafs_ta15-eps-converted-to.pdf>
Package pdftex.def Info: exafs_ta15-eps-converted-to.pdf  used on input line 22
9.
(pdftex.def)             Requested size: 203.99689pt x 148.59132pt.
Package epstopdf Info: Source file: <exafs_ta12.eps>
(epstopdf)                    date: 2018-05-14 22:54:32
(epstopdf)                    size: 73580 bytes
(epstopdf)             Output file: <exafs_ta12-eps-converted-to.pdf>
(epstopdf)                    date: 2018-07-13 03:35:22
(epstopdf)                    size: 28985 bytes
(epstopdf)             Command: <repstopdf --outfile=exafs_ta12-eps-converted-t
o.pdf exafs_ta12.eps>
(epstopdf)             \includegraphics on input line 231.
Package epstopdf Info: Output file is already uptodate.
<exafs_ta12-eps-converted-to.pdf, id=276, 243.91125pt x 177.66376pt>
File: exafs_ta12-eps-converted-to.pdf Graphic file (type pdf)
<use exafs_ta12-eps-converted-to.pdf>
Package pdftex.def Info: exafs_ta12-eps-converted-to.pdf  used on input line 23
1.
(pdftex.def)             Requested size: 203.99689pt x 148.59132pt.
Package epstopdf Info: Source file: <exafs_ta8.eps>
(epstopdf)                    date: 2018-05-14 22:54:08
(epstopdf)                    size: 73038 bytes
(epstopdf)             Output file: <exafs_ta8-eps-converted-to.pdf>
(epstopdf)                    date: 2018-07-13 03:35:24
(epstopdf)                    size: 28905 bytes
(epstopdf)             Command: <repstopdf --outfile=exafs_ta8-eps-converted-to
.pdf exafs_ta8.eps>
(epstopdf)             \includegraphics on input line 233.
Package epstopdf Info: Output file is already uptodate.
<exafs_ta8-eps-converted-to.pdf, id=277, 243.91125pt x 177.66376pt>
File: exafs_ta8-eps-converted-to.pdf Graphic file (type pdf)
<use exafs_ta8-eps-converted-to.pdf>
Package pdftex.def Info: exafs_ta8-eps-converted-to.pdf  used on input line 233
.
(pdftex.def)             Requested size: 203.99689pt x 148.59132pt.
Package epstopdf Info: Source file: <ta-o.eps>
(epstopdf)                    date: 2020-12-03 22:53:52
(epstopdf)                    size: 77338 bytes
(epstopdf)             Output file: <ta-o-eps-converted-to.pdf>
(epstopdf)                    date: 2020-12-04 01:48:48
(epstopdf)                    size: 17502 bytes
(epstopdf)             Command: <repstopdf --outfile=ta-o-eps-converted-to.pdf 
ta-o.eps>
(epstopdf)             \includegraphics on input line 242.
Package epstopdf Info: Output file is already uptodate.
<ta-o-eps-converted-to.pdf, id=278, 794.97pt x 578.16pt>
File: ta-o-eps-converted-to.pdf Graphic file (type pdf)
<use ta-o-eps-converted-to.pdf>
Package pdftex.def Info: ta-o-eps-converted-to.pdf  used on input line 242.
(pdftex.def)             Requested size: 203.99689pt x 148.35956pt.
Package epstopdf Info: Source file: <ta-ta.eps>
(epstopdf)                    date: 2020-12-03 22:53:22
(epstopdf)                    size: 96753 bytes
(epstopdf)             Output file: <ta-ta-eps-converted-to.pdf>
(epstopdf)                    date: 2020-12-04 01:48:50
(epstopdf)                    size: 19568 bytes
(epstopdf)             Command: <repstopdf --outfile=ta-ta-eps-converted-to.pdf
 ta-ta.eps>
(epstopdf)             \includegraphics on input line 244.
Package epstopdf Info: Output file is already uptodate.
<ta-ta-eps-converted-to.pdf, id=279, 794.97pt x 578.16pt>
File: ta-ta-eps-converted-to.pdf Graphic file (type pdf)
<use ta-ta-eps-converted-to.pdf>
Package pdftex.def Info: ta-ta-eps-converted-to.pdf  used on input line 244.
(pdftex.def)             Requested size: 203.99689pt x 148.35956pt.
Package epstopdf Info: Source file: <N.eps>
(epstopdf)                    date: 2020-12-03 22:54:16
(epstopdf)                    size: 84570 bytes
(epstopdf)             Output file: <N-eps-converted-to.pdf>
(epstopdf)                    date: 2020-12-04 01:56:18
(epstopdf)                    size: 18039 bytes
(epstopdf)             Command: <repstopdf --outfile=N-eps-converted-to.pdf N.e
ps>
(epstopdf)             \includegraphics on input line 246.
Package epstopdf Info: Output file is already uptodate.
<N-eps-converted-to.pdf, id=280, 794.97pt x 578.16pt>
File: N-eps-converted-to.pdf Graphic file (type pdf)
<use N-eps-converted-to.pdf>
Package pdftex.def Info: N-eps-converted-to.pdf  used on input line 246.
(pdftex.def)             Requested size: 203.99689pt x 148.35956pt.
Package epstopdf Info: Source file: <oo_distance.eps>
(epstopdf)                    date: 2020-12-03 22:52:52
(epstopdf)                    size: 78228 bytes
(epstopdf)             Output file: <oo_distance-eps-converted-to.pdf>
(epstopdf)                    date: 2020-12-04 01:55:26
(epstopdf)                    size: 19121 bytes
(epstopdf)             Command: <repstopdf --outfile=oo_distance-eps-converted-
to.pdf oo_distance.eps>
(epstopdf)             \includegraphics on input line 248.
Package epstopdf Info: Output file is already uptodate.
<oo_distance-eps-converted-to.pdf, id=281, 794.97pt x 578.16pt>
File: oo_distance-eps-converted-to.pdf Graphic file (type pdf)
<use oo_distance-eps-converted-to.pdf>
Package pdftex.def Info: oo_distance-eps-converted-to.pdf  used on input line 2
48.
(pdftex.def)             Requested size: 203.99689pt x 148.35956pt.

Underfull \hbox (badness 2027) in paragraph at lines 262--263
\OT1/cmr/m/n/10 ci-date trends from pre-vi-ous stud-ies on amor-phous
 []

[7] [8 <./exafs_ta2o5-eps-converted-to.pdf> <./exafs_ta15-eps-converted-to.pdf>
 <./exafs_ta12-eps-converted-to.pdf> <./exafs_ta8-eps-converted-to.pdf>]
(./main-revRBvD2.bbl [9 <./ta-o-eps-converted-to.pdf> <./ta-ta-eps-converted-to
.pdf> <./N-eps-converted-to.pdf> <./oo_distance-eps-converted-to.pdf>]
Underfull \hbox (badness 1509) in paragraph at lines 84--92
 \OT1/cmr/m/n/9 er-ties of amor-phous ta-ge-o and ta-si-o thin films,
 []


Underfull \hbox (badness 5403) in paragraph at lines 84--92
 \OT1/cmr/m/n/9 Jour-nal of Ap-plied Physics \OT1/cmr/bx/n/9 123\OT1/cmr/m/n/9 
, 244103 (2018),
 []


Underfull \hbox (badness 1527) in paragraph at lines 346--352
 \OT1/cmr/m/n/9 Fitch, and H. D., Two-Dimensionlal De-tec-tor soft-
 []

LaTeX Font Info:    Trying to load font information for OMS+cmr on input line 4
24.
(/usr/local/texlive/2020/texmf-dist/tex/latex/base/omscmr.fd
File: omscmr.fd 2019/12/16 v2.5j Standard LaTeX font definitions
)
LaTeX Font Info:    Font shape `OMS/cmr/m/n' in size <9> not available
(Font)              Font shape `OMS/cmsy/m/n' tried instead on input line 424.
 [10]) [11]
(./main-revRBvD2.aux) ) 
Here is how much of TeX's memory you used:
 6333 strings out of 479023
 103090 string characters out of 5859412
 459282 words of memory out of 5000000
 23708 multiletter control sequences out of 15000+600000
 415904 words of font info for 69 fonts, out of 8000000 for 9000
 1141 hyphenation exceptions out of 8191
 85i,14n,88p,2076b,424s stack positions out of 5000i,500n,10000p,200000b,80000s
{/usr/local/texlive/2020/texmf-dist/fonts/enc/dvips/cm-s
uper/cm-super-ts1.enc}</usr/local/texlive/2020/texmf-dist/fonts/type1/public/am
sfonts/cm/cmbx10.pfb></usr/local/texlive/2020/texmf-dist/fonts/type1/public/ams
fonts/cm/cmbx12.pfb></usr/local/texlive/2020/texmf-dist/fonts/type1/public/amsf
onts/cm/cmbx9.pfb></usr/local/texlive/2020/texmf-dist/fonts/type1/public/amsfon
ts/cm/cmex10.pfb></usr/local/texlive/2020/texmf-dist/fonts/type1/public/amsfont
s/cm/cmmi10.pfb></usr/local/texlive/2020/texmf-dist/fonts/type1/public/amsfonts
/cm/cmmi12.pfb></usr/local/texlive/2020/texmf-dist/fonts/type1/public/amsfonts/
cm/cmmi5.pfb></usr/local/texlive/2020/texmf-dist/fonts/type1/public/amsfonts/cm
/cmmi6.pfb></usr/local/texlive/2020/texmf-dist/fonts/type1/public/amsfonts/cm/c
mmi7.pfb></usr/local/texlive/2020/texmf-dist/fonts/type1/public/amsfonts/cm/cmm
i9.pfb></usr/local/texlive/2020/texmf-dist/fonts/type1/public/amsfonts/cm/cmr10
.pfb></usr/local/texlive/2020/texmf-dist/fonts/type1/public/amsfonts/cm/cmr12.p
fb></usr/local/texlive/2020/texmf-dist/fonts/type1/public/amsfonts/cm/cmr17.pfb
></usr/local/texlive/2020/texmf-dist/fonts/type1/public/amsfonts/cm/cmr5.pfb></
usr/local/texlive/2020/texmf-dist/fonts/type1/public/amsfonts/cm/cmr6.pfb></usr
/local/texlive/2020/texmf-dist/fonts/type1/public/amsfonts/cm/cmr7.pfb></usr/lo
cal/texlive/2020/texmf-dist/fonts/type1/public/amsfonts/cm/cmr8.pfb></usr/local
/texlive/2020/texmf-dist/fonts/type1/public/amsfonts/cm/cmr9.pfb></usr/local/te
xlive/2020/texmf-dist/fonts/type1/public/amsfonts/cm/cmss10.pfb></usr/local/tex
live/2020/texmf-dist/fonts/type1/public/amsfonts/cm/cmss17.pfb></usr/local/texl
ive/2020/texmf-dist/fonts/type1/public/amsfonts/cm/cmssbx10.pfb></usr/local/tex
live/2020/texmf-dist/fonts/type1/public/amsfonts/cm/cmsy10.pfb></usr/local/texl
ive/2020/texmf-dist/fonts/type1/public/amsfonts/cm/cmsy6.pfb></usr/local/texliv
e/2020/texmf-dist/fonts/type1/public/amsfonts/cm/cmsy7.pfb></usr/local/texlive/
2020/texmf-dist/fonts/type1/public/amsfonts/cm/cmsy9.pfb></usr/local/texlive/20
20/texmf-dist/fonts/type1/public/amsfonts/cm/cmti10.pfb></usr/local/texlive/202
0/texmf-dist/fonts/type1/public/amsfonts/cm/cmti9.pfb></usr/local/texlive/2020/
texmf-dist/fonts/type1/public/cm-super/sfrm1000.pfb>
Output written on main-revRBvD2.pdf (11 pages, 1170690 bytes).
PDF statistics:
 769 PDF objects out of 1000 (max. 8388607)
 372 compressed objects within 4 object streams
 0 named destinations out of 1000 (max. 500000)
 91 words of extra memory for PDF output out of 10000 (max. 10000000)

